2022-05-18 10:07:43,877 WARN  [SoapUI] Missing folder [C:\AQA_test\qa.guru\soapUI\ext] for external libraries
2022-05-18 10:07:44,212 INFO  [DefaultSoapUICore] initialized soapui-settings from [C:\Users\DSK\soapui-settings.xml]
2022-05-18 10:07:45,310 INFO  [WsdlProject] Loaded project from [file:/C:/AQA_test/qa.guru/soapUI/soap-ui-example_hw_4maven_plagin.xml]
2022-05-18 10:07:45,882 INFO  [SoapUITestCaseRunner] Setting project property [message] to [Hello World!]
2022-05-18 10:07:45,891 INFO  [SoapUITestCaseRunner] Running SoapUI tests in project [qa_guru_soap_ui_example_hw(soap_ws)]
2022-05-18 10:07:45,893 INFO  [SoapUITestCaseRunner] Running Project [qa_guru_soap_ui_example_hw(soap_ws)], runType = SEQUENTIAL
2022-05-18 10:07:45,908 INFO  [SoapUITestCaseRunner] Running SoapUI testcase [1.Check correct Сountry data]
2022-05-18 10:07:45,916 INFO  [SoapUITestCaseRunner] running step [Check correct Spain]
2022-05-18 10:07:46,333 INFO  [SchemaUtils] Added default schema from file:/C:/Users/DSK/.m2/repository/com/smartbear/soapui/soapui/5.0.0/soapui-5.0.0.jar!/com/eviware/soapui/resources/xsds/xop.xsd with targetNamespace http://www.w3.org/2004/08/xop/include
2022-05-18 10:07:46,367 INFO  [SchemaUtils] Added default schema from file:/C:/Users/DSK/.m2/repository/com/smartbear/soapui/soapui/5.0.0/soapui-5.0.0.jar!/com/eviware/soapui/resources/xsds/XMLSchema.xsd with targetNamespace http://www.w3.org/2001/XMLSchema
2022-05-18 10:07:46,376 INFO  [SchemaUtils] Added default schema from file:/C:/Users/DSK/.m2/repository/com/smartbear/soapui/soapui/5.0.0/soapui-5.0.0.jar!/com/eviware/soapui/resources/xsds/xml.xsd with targetNamespace http://www.w3.org/XML/1998/namespace
2022-05-18 10:07:46,377 INFO  [SchemaUtils] Added default schema from file:/C:/Users/DSK/.m2/repository/com/smartbear/soapui/soapui/5.0.0/soapui-5.0.0.jar!/com/eviware/soapui/resources/xsds/swaref.xsd with targetNamespace http://ws-i.org/profiles/basic/1.1/xsd
2022-05-18 10:07:46,378 INFO  [SchemaUtils] Added default schema from file:/C:/Users/DSK/.m2/repository/com/smartbear/soapui/soapui/5.0.0/soapui-5.0.0.jar!/com/eviware/soapui/resources/xsds/xmime200505.xsd with targetNamespace http://www.w3.org/2005/05/xmlmime
2022-05-18 10:07:46,379 INFO  [SchemaUtils] Added default schema from file:/C:/Users/DSK/.m2/repository/com/smartbear/soapui/soapui/5.0.0/soapui-5.0.0.jar!/com/eviware/soapui/resources/xsds/xmime200411.xsd with targetNamespace http://www.w3.org/2004/11/xmlmime
2022-05-18 10:07:46,381 INFO  [SchemaUtils] Added default schema from file:/C:/Users/DSK/.m2/repository/com/smartbear/soapui/soapui/5.0.0/soapui-5.0.0.jar!/com/eviware/soapui/resources/xsds/soapEnvelope.xsd with targetNamespace http://schemas.xmlsoap.org/soap/envelope/
2022-05-18 10:07:46,384 INFO  [SchemaUtils] Added default schema from file:/C:/Users/DSK/.m2/repository/com/smartbear/soapui/soapui/5.0.0/soapui-5.0.0.jar!/com/eviware/soapui/resources/xsds/soapEncoding.xsd with targetNamespace http://schemas.xmlsoap.org/soap/encoding/
2022-05-18 10:07:46,385 INFO  [SchemaUtils] Added default schema from file:/C:/Users/DSK/.m2/repository/com/smartbear/soapui/soapui/5.0.0/soapui-5.0.0.jar!/com/eviware/soapui/resources/xsds/soapEnvelope12.xsd with targetNamespace http://www.w3.org/2003/05/soap-envelope
2022-05-18 10:07:46,388 INFO  [SchemaUtils] Added default schema from file:/C:/Users/DSK/.m2/repository/com/smartbear/soapui/soapui/5.0.0/soapui-5.0.0.jar!/com/eviware/soapui/resources/xsds/soapEncoding12.xsd with targetNamespace http://www.w3.org/2003/05/soap-encoding
2022-05-18 10:07:46,391 INFO  [SchemaUtils] Loading schema types from [http://localhost:8080/ws/countries.wsdl]
2022-05-18 10:07:46,391 INFO  [SchemaUtils] Getting schema http://localhost:8080/ws/countries.wsdl
2022-05-18 10:07:47,326 INFO  [SoapUITestCaseRunner] Assertion [SOAP Response] has status VALID
2022-05-18 10:07:47,326 INFO  [SoapUITestCaseRunner] Assertion [Schema Compliance] has status VALID
2022-05-18 10:07:47,326 INFO  [SoapUITestCaseRunner] Assertion [Not SOAP Fault] has status VALID
2022-05-18 10:07:47,326 INFO  [SoapUITestCaseRunner] Assertion [Script Assertion] has status VALID
2022-05-18 10:07:47,327 INFO  [SoapUITestCaseRunner] Assertion [Contains] has status VALID
2022-05-18 10:07:47,327 INFO  [SoapUITestCaseRunner] running step [Check correct UK]
2022-05-18 10:07:47,398 INFO  [SoapUITestCaseRunner] Assertion [SOAP Response] has status VALID
2022-05-18 10:07:47,399 INFO  [SoapUITestCaseRunner] Assertion [Schema Compliance] has status VALID
2022-05-18 10:07:47,399 INFO  [SoapUITestCaseRunner] Assertion [Not SOAP Fault] has status VALID
2022-05-18 10:07:47,399 INFO  [SoapUITestCaseRunner] Assertion [Contains] has status VALID
2022-05-18 10:07:47,399 INFO  [SoapUITestCaseRunner] Assertion [Sensitive Information Exposure] has status VALID
2022-05-18 10:07:47,399 INFO  [SoapUITestCaseRunner] Assertion [Response SLA] has status VALID
2022-05-18 10:07:47,399 INFO  [SoapUITestCaseRunner] Finished running SoapUI testcase [1.Check correct Сountry data], time taken: 1471ms, status: FINISHED
2022-05-18 10:07:47,402 INFO  [SoapUITestCaseRunner] Project [qa_guru_soap_ui_example_hw(soap_ws)] finished with status [FINISHED] in 1503ms
